@!@!@STARTMSG 2262:0 @!@!@
TLC2 Version 2.15 of Day Month 20?? (rev: eb3ff99)
@!@!@ENDMSG 2262 @!@!@
@!@!@STARTMSG 2187:0 @!@!@
Running breadth-first search Model-Checking with fp 74 and seed 904148006240353390 with 6 workers on 12 cores with 2402MB heap and 5402MB offheap memory [pid: 36904] (Windows 10 10.0 amd64, AdoptOpenJDK 14.0.1 x86_64, OffHeapDiskFPSet, DiskStateQueue).
@!@!@ENDMSG 2187 @!@!@
@!@!@STARTMSG 2220:0 @!@!@
Starting SANY...
@!@!@ENDMSG 2220 @!@!@
Parsing file C:\Users\asnegi\Documents\tla\spec2\carwheel_1.toolbox\RunCar\MC.tla
Parsing file C:\Users\asnegi\Documents\tla\spec2\carwheel_1.toolbox\RunCar\carwheel.tla
Parsing file C:\Users\asnegi\Documents\tla\TLAToolbox-1.7.0-win32.win32.x86_64\toolbox\plugins\org.lamport.tlatools_1.0.0.202004251858\tla2sany\StandardModules\TLC.tla
Parsing file C:\Users\asnegi\Documents\tla\TLAToolbox-1.7.0-win32.win32.x86_64\toolbox\plugins\org.lamport.tlatools_1.0.0.202004251858\tla2sany\StandardModules\Integers.tla
Parsing file C:\Users\asnegi\Documents\tla\TLAToolbox-1.7.0-win32.win32.x86_64\toolbox\plugins\org.lamport.tlatools_1.0.0.202004251858\tla2sany\StandardModules\Naturals.tla
Parsing file C:\Users\asnegi\Documents\tla\TLAToolbox-1.7.0-win32.win32.x86_64\toolbox\plugins\org.lamport.tlatools_1.0.0.202004251858\tla2sany\StandardModules\Sequences.tla
Parsing file C:\Users\asnegi\Documents\tla\TLAToolbox-1.7.0-win32.win32.x86_64\toolbox\plugins\org.lamport.tlatools_1.0.0.202004251858\tla2sany\StandardModules\FiniteSets.tla
Semantic processing of module Naturals
Semantic processing of module Integers
Semantic processing of module carwheel
Semantic processing of module Sequences
Semantic processing of module FiniteSets
Semantic processing of module TLC
Semantic processing of module MC
@!@!@STARTMSG 2219:0 @!@!@
SANY finished.
@!@!@ENDMSG 2219 @!@!@
@!@!@STARTMSG 2185:0 @!@!@
Starting... (2020-10-27 19:22:45)
@!@!@ENDMSG 2185 @!@!@
@!@!@STARTMSG 2189:0 @!@!@
Computing initial states...
@!@!@ENDMSG 2189 @!@!@
@!@!@STARTMSG 2190:0 @!@!@
Finished computing initial states: 1 distinct state generated at 2020-10-27 19:22:46.
@!@!@ENDMSG 2190 @!@!@
@!@!@STARTMSG 2110:1 @!@!@
Invariant RunCar is violated.
@!@!@ENDMSG 2110 @!@!@
@!@!@STARTMSG 2121:1 @!@!@
The behavior up to this point is:
@!@!@ENDMSG 2121 @!@!@
@!@!@STARTMSG 2217:4 @!@!@
1: <Initial predicate>
/\ TireA = 20
/\ TireB = 20
/\ TireC = 20
/\ TireD = 20
/\ TireS = 20

@!@!@ENDMSG 2217 @!@!@
@!@!@STARTMSG 2217:4 @!@!@
2: <SpareA line 21, col 5 to line 25, col 25 of module carwheel>
/\ TireA = 20
/\ TireB = 19
/\ TireC = 19
/\ TireD = 19
/\ TireS = 19

@!@!@ENDMSG 2217 @!@!@
@!@!@STARTMSG 2217:4 @!@!@
3: <SpareA line 21, col 5 to line 25, col 25 of module carwheel>
/\ TireA = 20
/\ TireB = 18
/\ TireC = 18
/\ TireD = 18
/\ TireS = 18

@!@!@ENDMSG 2217 @!@!@
@!@!@STARTMSG 2217:4 @!@!@
4: <SpareA line 21, col 5 to line 25, col 25 of module carwheel>
/\ TireA = 20
/\ TireB = 17
/\ TireC = 17
/\ TireD = 17
/\ TireS = 17

@!@!@ENDMSG 2217 @!@!@
@!@!@STARTMSG 2217:4 @!@!@
5: <SpareA line 21, col 5 to line 25, col 25 of module carwheel>
/\ TireA = 20
/\ TireB = 16
/\ TireC = 16
/\ TireD = 16
/\ TireS = 16

@!@!@ENDMSG 2217 @!@!@
@!@!@STARTMSG 2217:4 @!@!@
6: <SpareA line 21, col 5 to line 25, col 25 of module carwheel>
/\ TireA = 20
/\ TireB = 15
/\ TireC = 15
/\ TireD = 15
/\ TireS = 15

@!@!@ENDMSG 2217 @!@!@
@!@!@STARTMSG 2217:4 @!@!@
7: <SpareA line 21, col 5 to line 25, col 25 of module carwheel>
/\ TireA = 20
/\ TireB = 14
/\ TireC = 14
/\ TireD = 14
/\ TireS = 14

@!@!@ENDMSG 2217 @!@!@
@!@!@STARTMSG 2217:4 @!@!@
8: <SpareA line 21, col 5 to line 25, col 25 of module carwheel>
/\ TireA = 20
/\ TireB = 13
/\ TireC = 13
/\ TireD = 13
/\ TireS = 13

@!@!@ENDMSG 2217 @!@!@
@!@!@STARTMSG 2217:4 @!@!@
9: <SpareA line 21, col 5 to line 25, col 25 of module carwheel>
/\ TireA = 20
/\ TireB = 12
/\ TireC = 12
/\ TireD = 12
/\ TireS = 12

@!@!@ENDMSG 2217 @!@!@
@!@!@STARTMSG 2217:4 @!@!@
10: <SpareA line 21, col 5 to line 25, col 25 of module carwheel>
/\ TireA = 20
/\ TireB = 11
/\ TireC = 11
/\ TireD = 11
/\ TireS = 11

@!@!@ENDMSG 2217 @!@!@
@!@!@STARTMSG 2217:4 @!@!@
11: <SpareA line 21, col 5 to line 25, col 25 of module carwheel>
/\ TireA = 20
/\ TireB = 10
/\ TireC = 10
/\ TireD = 10
/\ TireS = 10

@!@!@ENDMSG 2217 @!@!@
@!@!@STARTMSG 2217:4 @!@!@
12: <SpareA line 21, col 5 to line 25, col 25 of module carwheel>
/\ TireA = 20
/\ TireB = 9
/\ TireC = 9
/\ TireD = 9
/\ TireS = 9

@!@!@ENDMSG 2217 @!@!@
@!@!@STARTMSG 2217:4 @!@!@
13: <SpareA line 21, col 5 to line 25, col 25 of module carwheel>
/\ TireA = 20
/\ TireB = 8
/\ TireC = 8
/\ TireD = 8
/\ TireS = 8

@!@!@ENDMSG 2217 @!@!@
@!@!@STARTMSG 2217:4 @!@!@
14: <SpareA line 21, col 5 to line 25, col 25 of module carwheel>
/\ TireA = 20
/\ TireB = 7
/\ TireC = 7
/\ TireD = 7
/\ TireS = 7

@!@!@ENDMSG 2217 @!@!@
@!@!@STARTMSG 2217:4 @!@!@
15: <SpareA line 21, col 5 to line 25, col 25 of module carwheel>
/\ TireA = 20
/\ TireB = 6
/\ TireC = 6
/\ TireD = 6
/\ TireS = 6

@!@!@ENDMSG 2217 @!@!@
@!@!@STARTMSG 2217:4 @!@!@
16: <SpareA line 21, col 5 to line 25, col 25 of module carwheel>
/\ TireA = 20
/\ TireB = 5
/\ TireC = 5
/\ TireD = 5
/\ TireS = 5

@!@!@ENDMSG 2217 @!@!@
@!@!@STARTMSG 2217:4 @!@!@
17: <SpareA line 21, col 5 to line 25, col 25 of module carwheel>
/\ TireA = 20
/\ TireB = 4
/\ TireC = 4
/\ TireD = 4
/\ TireS = 4

@!@!@ENDMSG 2217 @!@!@
@!@!@STARTMSG 2217:4 @!@!@
18: <SpareA line 21, col 5 to line 25, col 25 of module carwheel>
/\ TireA = 20
/\ TireB = 3
/\ TireC = 3
/\ TireD = 3
/\ TireS = 3

@!@!@ENDMSG 2217 @!@!@
@!@!@STARTMSG 2217:4 @!@!@
19: <SpareB line 28, col 5 to line 32, col 25 of module carwheel>
/\ TireA = 19
/\ TireB = 3
/\ TireC = 2
/\ TireD = 2
/\ TireS = 2

@!@!@ENDMSG 2217 @!@!@
@!@!@STARTMSG 2217:4 @!@!@
20: <SpareB line 28, col 5 to line 32, col 25 of module carwheel>
/\ TireA = 18
/\ TireB = 3
/\ TireC = 1
/\ TireD = 1
/\ TireS = 1

@!@!@ENDMSG 2217 @!@!@
@!@!@STARTMSG 2217:4 @!@!@
21: <SpareA line 21, col 5 to line 25, col 25 of module carwheel>
/\ TireA = 18
/\ TireB = 2
/\ TireC = 0
/\ TireD = 0
/\ TireS = 0

@!@!@ENDMSG 2217 @!@!@
@!@!@STARTMSG 2201:0 @!@!@
The coverage statistics at 2020-10-27 19:22:46
@!@!@ENDMSG 2201 @!@!@
@!@!@STARTMSG 2773:0 @!@!@
<Init line 13, col 1 to line 13, col 4 of module carwheel>: 2:2
@!@!@ENDMSG 2773 @!@!@
@!@!@STARTMSG 2221:0 @!@!@
  line 14, col 5 to line 18, col 17 of module carwheel: 2
@!@!@ENDMSG 2221 @!@!@
@!@!@STARTMSG 2772:0 @!@!@
<SpareA line 20, col 1 to line 20, col 6 of module carwheel>: 34:31784
@!@!@ENDMSG 2772 @!@!@
@!@!@STARTMSG 2221:0 @!@!@
  line 21, col 8 to line 21, col 21 of module carwheel: 31778
@!@!@ENDMSG 2221 @!@!@
@!@!@STARTMSG 2221:0 @!@!@
  |line 21, col 17 to line 21, col 21 of module carwheel: 31784
@!@!@ENDMSG 2221 @!@!@
@!@!@STARTMSG 2221:0 @!@!@
  line 22, col 8 to line 22, col 25 of module carwheel: 31778
@!@!@ENDMSG 2221 @!@!@
@!@!@STARTMSG 2221:0 @!@!@
  |line 22, col 17 to line 22, col 25 of module carwheel: 31784
@!@!@ENDMSG 2221 @!@!@
@!@!@STARTMSG 2221:0 @!@!@
  line 23, col 8 to line 23, col 25 of module carwheel: 31778
@!@!@ENDMSG 2221 @!@!@
@!@!@STARTMSG 2221:0 @!@!@
  |line 23, col 17 to line 23, col 25 of module carwheel: 31784
@!@!@ENDMSG 2221 @!@!@
@!@!@STARTMSG 2221:0 @!@!@
  line 24, col 8 to line 24, col 25 of module carwheel: 31778
@!@!@ENDMSG 2221 @!@!@
@!@!@STARTMSG 2221:0 @!@!@
  |line 24, col 17 to line 24, col 25 of module carwheel: 31784
@!@!@ENDMSG 2221 @!@!@
@!@!@STARTMSG 2221:0 @!@!@
  line 25, col 8 to line 25, col 25 of module carwheel: 31778
@!@!@ENDMSG 2221 @!@!@
@!@!@STARTMSG 2221:0 @!@!@
  |line 25, col 17 to line 25, col 25 of module carwheel: 31784
@!@!@ENDMSG 2221 @!@!@
@!@!@STARTMSG 2772:0 @!@!@
<SpareB line 27, col 1 to line 27, col 6 of module carwheel>: 315:31760
@!@!@ENDMSG 2772 @!@!@
@!@!@STARTMSG 2221:0 @!@!@
  line 28, col 5 to line 32, col 25 of module carwheel: 31760
@!@!@ENDMSG 2221 @!@!@
@!@!@STARTMSG 2772:0 @!@!@
<SpareC line 34, col 1 to line 34, col 6 of module carwheel>: 2309:31758
@!@!@ENDMSG 2772 @!@!@
@!@!@STARTMSG 2221:0 @!@!@
  line 35, col 5 to line 39, col 25 of module carwheel: 31758
@!@!@ENDMSG 2221 @!@!@
@!@!@STARTMSG 2772:0 @!@!@
<SpareD line 41, col 1 to line 41, col 6 of module carwheel>: 12061:31758
@!@!@ENDMSG 2772 @!@!@
@!@!@STARTMSG 2221:0 @!@!@
  line 42, col 5 to line 46, col 25 of module carwheel: 31758
@!@!@ENDMSG 2221 @!@!@
@!@!@STARTMSG 2772:0 @!@!@
<SpareS line 48, col 1 to line 48, col 6 of module carwheel>: 25630:31758
@!@!@ENDMSG 2772 @!@!@
@!@!@STARTMSG 2221:0 @!@!@
  line 49, col 5 to line 53, col 21 of module carwheel: 31758
@!@!@ENDMSG 2221 @!@!@
@!@!@STARTMSG 2774:0 @!@!@
<RunCar line 68, col 1 to line 68, col 6 of module carwheel>
@!@!@ENDMSG 2774 @!@!@
@!@!@STARTMSG 2221:0 @!@!@
  line 69, col 5 to line 73, col 11 of module carwheel: 40350
@!@!@ENDMSG 2221 @!@!@
@!@!@STARTMSG 2221:0 @!@!@
  |line 69, col 8 to line 69, col 11 of module carwheel: 40350
@!@!@ENDMSG 2221 @!@!@
@!@!@STARTMSG 2221:0 @!@!@
  ||line 62, col 10 to line 62, col 57 of module carwheel: 40350
@!@!@ENDMSG 2221 @!@!@
@!@!@STARTMSG 2221:0 @!@!@
  |||line 62, col 10 to line 62, col 44 of module carwheel: 40350
@!@!@ENDMSG 2221 @!@!@
@!@!@STARTMSG 2221:0 @!@!@
  ||||line 62, col 10 to line 62, col 31 of module carwheel: 40350
@!@!@ENDMSG 2221 @!@!@
@!@!@STARTMSG 2221:0 @!@!@
  ||||line 62, col 36 to line 62, col 44 of module carwheel: 40346
@!@!@ENDMSG 2221 @!@!@
@!@!@STARTMSG 2221:0 @!@!@
  |||line 62, col 49 to line 62, col 57 of module carwheel: 40344
@!@!@ENDMSG 2221 @!@!@
@!@!@STARTMSG 2221:0 @!@!@
  |line 70, col 8 to line 70, col 11 of module carwheel: 6
@!@!@ENDMSG 2221 @!@!@
@!@!@STARTMSG 2221:0 @!@!@
  ||line 63, col 10 to line 63, col 57 of module carwheel: 6
@!@!@ENDMSG 2221 @!@!@
@!@!@STARTMSG 2221:0 @!@!@
  |||line 63, col 10 to line 63, col 44 of module carwheel: 6
@!@!@ENDMSG 2221 @!@!@
@!@!@STARTMSG 2221:0 @!@!@
  ||||line 63, col 10 to line 63, col 31 of module carwheel: 6
@!@!@ENDMSG 2221 @!@!@
@!@!@STARTMSG 2221:0 @!@!@
  |||||line 63, col 10 to line 63, col 18 of module carwheel: 6
@!@!@ENDMSG 2221 @!@!@
@!@!@STARTMSG 2221:0 @!@!@
  |||||line 63, col 23 to line 63, col 31 of module carwheel: 1
@!@!@ENDMSG 2221 @!@!@
@!@!@STARTMSG 2221:0 @!@!@
  |line 71, col 8 to line 71, col 11 of module carwheel: 6
@!@!@ENDMSG 2221 @!@!@
@!@!@STARTMSG 2221:0 @!@!@
  ||line 64, col 10 to line 64, col 57 of module carwheel: 6
@!@!@ENDMSG 2221 @!@!@
@!@!@STARTMSG 2221:0 @!@!@
  |||line 64, col 10 to line 64, col 44 of module carwheel: 6
@!@!@ENDMSG 2221 @!@!@
@!@!@STARTMSG 2221:0 @!@!@
  ||||line 64, col 10 to line 64, col 31 of module carwheel: 6
@!@!@ENDMSG 2221 @!@!@
@!@!@STARTMSG 2221:0 @!@!@
  ||||line 64, col 36 to line 64, col 44 of module carwheel: 1
@!@!@ENDMSG 2221 @!@!@
@!@!@STARTMSG 2221:0 @!@!@
  |line 72, col 8 to line 72, col 11 of module carwheel: 6
@!@!@ENDMSG 2221 @!@!@
@!@!@STARTMSG 2221:0 @!@!@
  ||line 65, col 10 to line 65, col 57 of module carwheel: 6
@!@!@ENDMSG 2221 @!@!@
@!@!@STARTMSG 2221:0 @!@!@
  |||line 65, col 10 to line 65, col 44 of module carwheel: 6
@!@!@ENDMSG 2221 @!@!@
@!@!@STARTMSG 2221:0 @!@!@
  ||||line 65, col 10 to line 65, col 31 of module carwheel: 6
@!@!@ENDMSG 2221 @!@!@
@!@!@STARTMSG 2221:0 @!@!@
  ||||line 65, col 36 to line 65, col 44 of module carwheel: 2
@!@!@ENDMSG 2221 @!@!@
@!@!@STARTMSG 2221:0 @!@!@
  |line 73, col 8 to line 73, col 11 of module carwheel: 6
@!@!@ENDMSG 2221 @!@!@
@!@!@STARTMSG 2221:0 @!@!@
  ||line 66, col 10 to line 66, col 57 of module carwheel: 6
@!@!@ENDMSG 2221 @!@!@
@!@!@STARTMSG 2221:0 @!@!@
  |||line 66, col 10 to line 66, col 44 of module carwheel: 6
@!@!@ENDMSG 2221 @!@!@
@!@!@STARTMSG 2221:0 @!@!@
  ||||line 66, col 10 to line 66, col 31 of module carwheel: 6
@!@!@ENDMSG 2221 @!@!@
@!@!@STARTMSG 2221:0 @!@!@
  ||||line 66, col 36 to line 66, col 44 of module carwheel: 2
@!@!@ENDMSG 2221 @!@!@
@!@!@STARTMSG 2202:0 @!@!@
End of statistics.
@!@!@ENDMSG 2202 @!@!@
@!@!@STARTMSG 2200:0 @!@!@
Progress(21) at 2020-10-27 19:22:46: 158,797 states generated (6,030,265 s/min), 40,350 distinct states found (1,532,278 ds/min), 8,580 states left on queue.
@!@!@ENDMSG 2200 @!@!@
@!@!@STARTMSG 2199:0 @!@!@
158797 states generated, 40350 distinct states found, 8580 states left on queue.
@!@!@ENDMSG 2199 @!@!@
@!@!@STARTMSG 2194:0 @!@!@
The depth of the complete state graph search is 21.
@!@!@ENDMSG 2194 @!@!@
@!@!@STARTMSG 2268:0 @!@!@
The average outdegree of the complete state graph is 1 (minimum is 0, the maximum 5 and the 95th percentile is 2).
@!@!@ENDMSG 2268 @!@!@
@!@!@STARTMSG 2186:0 @!@!@
Finished in 1588ms at (2020-10-27 19:22:46)
@!@!@ENDMSG 2186 @!@!@
