@!@!@STARTMSG 2262:0 @!@!@
TLC2 Version 2.15 of Day Month 20?? (rev: eb3ff99)
@!@!@ENDMSG 2262 @!@!@
@!@!@STARTMSG 2187:0 @!@!@
Running breadth-first search Model-Checking with fp 20 and seed 4729383692495971999 with 6 workers on 12 cores with 2402MB heap and 5402MB offheap memory [pid: 36868] (Windows 10 10.0 amd64, AdoptOpenJDK 14.0.1 x86_64, OffHeapDiskFPSet, DiskStateQueue).
@!@!@ENDMSG 2187 @!@!@
@!@!@STARTMSG 2220:0 @!@!@
Starting SANY...
@!@!@ENDMSG 2220 @!@!@
Parsing file C:\Users\asnegi\Documents\tla\spec2\diehard.toolbox\fill4\MC.tla
Parsing file C:\Users\asnegi\Documents\tla\spec2\diehard.toolbox\fill4\diehard.tla
Parsing file C:\Users\asnegi\Documents\tla\TLAToolbox-1.7.0-win32.win32.x86_64\toolbox\plugins\org.lamport.tlatools_1.0.0.202004251858\tla2sany\StandardModules\TLC.tla
Parsing file C:\Users\asnegi\Documents\tla\TLAToolbox-1.7.0-win32.win32.x86_64\toolbox\plugins\org.lamport.tlatools_1.0.0.202004251858\tla2sany\StandardModules\Integers.tla
Parsing file C:\Users\asnegi\Documents\tla\TLAToolbox-1.7.0-win32.win32.x86_64\toolbox\plugins\org.lamport.tlatools_1.0.0.202004251858\tla2sany\StandardModules\Naturals.tla
Parsing file C:\Users\asnegi\Documents\tla\TLAToolbox-1.7.0-win32.win32.x86_64\toolbox\plugins\org.lamport.tlatools_1.0.0.202004251858\tla2sany\StandardModules\Sequences.tla
Parsing file C:\Users\asnegi\Documents\tla\TLAToolbox-1.7.0-win32.win32.x86_64\toolbox\plugins\org.lamport.tlatools_1.0.0.202004251858\tla2sany\StandardModules\FiniteSets.tla
Semantic processing of module Naturals
Semantic processing of module Integers
Semantic processing of module diehard
Semantic processing of module Sequences
Semantic processing of module FiniteSets
Semantic processing of module TLC
Semantic processing of module MC
@!@!@STARTMSG 2219:0 @!@!@
SANY finished.
@!@!@ENDMSG 2219 @!@!@
@!@!@STARTMSG 2185:0 @!@!@
Starting... (2020-10-28 01:04:57)
@!@!@ENDMSG 2185 @!@!@
@!@!@STARTMSG 2189:0 @!@!@
Computing initial states...
@!@!@ENDMSG 2189 @!@!@
@!@!@STARTMSG 2190:0 @!@!@
Finished computing initial states: 1 distinct state generated at 2020-10-28 01:04:58.
@!@!@ENDMSG 2190 @!@!@
@!@!@STARTMSG 2193:0 @!@!@
Model checking completed. No error has been found.
  Estimates of the probability that TLC did not check all reachable states
  because two distinct states had the same fingerprint:
  calculated (optimistic):  val = 7.0E-17
@!@!@ENDMSG 2193 @!@!@
@!@!@STARTMSG 2201:0 @!@!@
The coverage statistics at 2020-10-28 01:04:58
@!@!@ENDMSG 2201 @!@!@
@!@!@STARTMSG 2773:0 @!@!@
<Init line 12, col 1 to line 12, col 4 of module diehard>: 1:1
@!@!@ENDMSG 2773 @!@!@
@!@!@STARTMSG 2221:0 @!@!@
  line 13, col 5 to line 14, col 14 of module diehard: 1
@!@!@ENDMSG 2221 @!@!@
@!@!@STARTMSG 2772:0 @!@!@
<SmallToBig line 16, col 1 to line 16, col 10 of module diehard>: 4:16
@!@!@ENDMSG 2772 @!@!@
@!@!@STARTMSG 2221:0 @!@!@
  line 17, col 8 to line 17, col 24 of module diehard: 16
@!@!@ENDMSG 2221 @!@!@
@!@!@STARTMSG 2221:0 @!@!@
  line 18, col 9 to line 19, col 37 of module diehard: 5
@!@!@ENDMSG 2221 @!@!@
@!@!@STARTMSG 2221:0 @!@!@
  line 20, col 9 to line 21, col 21 of module diehard: 11
@!@!@ENDMSG 2221 @!@!@
@!@!@STARTMSG 2772:0 @!@!@
<BigToSmall line 23, col 1 to line 23, col 10 of module diehard>: 3:16
@!@!@ENDMSG 2772 @!@!@
@!@!@STARTMSG 2221:0 @!@!@
  line 24, col 8 to line 24, col 24 of module diehard: 16
@!@!@ENDMSG 2221 @!@!@
@!@!@STARTMSG 2221:0 @!@!@
  line 25, col 10 to line 26, col 36 of module diehard: 9
@!@!@ENDMSG 2221 @!@!@
@!@!@STARTMSG 2221:0 @!@!@
  line 27, col 10 to line 28, col 20 of module diehard: 7
@!@!@ENDMSG 2221 @!@!@
@!@!@STARTMSG 2772:0 @!@!@
<SmallDrain line 30, col 1 to line 30, col 10 of module diehard>: 1:16
@!@!@ENDMSG 2772 @!@!@
@!@!@STARTMSG 2221:0 @!@!@
  line 31, col 5 to line 32, col 17 of module diehard: 16
@!@!@ENDMSG 2221 @!@!@
@!@!@STARTMSG 2772:0 @!@!@
<BigDrain line 34, col 1 to line 34, col 8 of module diehard>: 1:16
@!@!@ENDMSG 2772 @!@!@
@!@!@STARTMSG 2221:0 @!@!@
  line 35, col 5 to line 36, col 15 of module diehard: 16
@!@!@ENDMSG 2221 @!@!@
@!@!@STARTMSG 2772:0 @!@!@
<FillSmall line 38, col 1 to line 38, col 9 of module diehard>: 4:16
@!@!@ENDMSG 2772 @!@!@
@!@!@STARTMSG 2221:0 @!@!@
  line 39, col 5 to line 40, col 17 of module diehard: 16
@!@!@ENDMSG 2221 @!@!@
@!@!@STARTMSG 2772:0 @!@!@
<FillBig line 42, col 1 to line 42, col 7 of module diehard>: 2:16
@!@!@ENDMSG 2772 @!@!@
@!@!@STARTMSG 2221:0 @!@!@
  line 43, col 5 to line 44, col 15 of module diehard: 16
@!@!@ENDMSG 2221 @!@!@
@!@!@STARTMSG 2202:0 @!@!@
End of statistics.
@!@!@ENDMSG 2202 @!@!@
@!@!@STARTMSG 2200:0 @!@!@
Progress(9) at 2020-10-28 01:04:58: 97 states generated (1,669 s/min), 16 distinct states found (275 ds/min), 0 states left on queue.
@!@!@ENDMSG 2200 @!@!@
@!@!@STARTMSG 2199:0 @!@!@
97 states generated, 16 distinct states found, 0 states left on queue.
@!@!@ENDMSG 2199 @!@!@
@!@!@STARTMSG 2194:0 @!@!@
The depth of the complete state graph search is 9.
@!@!@ENDMSG 2194 @!@!@
@!@!@STARTMSG 2268:0 @!@!@
The average outdegree of the complete state graph is 1 (minimum is 0, the maximum 2 and the 95th percentile is 2).
@!@!@ENDMSG 2268 @!@!@
@!@!@STARTMSG 2186:0 @!@!@
Finished in 3506ms at (2020-10-28 01:04:58)
@!@!@ENDMSG 2186 @!@!@
